[11:24:17] ================================================================================
[11:24:17] ALPHA PARAMETER SWEEP - n=75 (ALL PROFITABLE TRANSACTIONS)
[11:24:17] ================================================================================
[11:24:17] Problem size: n=75
[11:24:17] Total profit if all selected: 0.019476 ETH
[11:24:17] Total gas if all selected: 15,602,695 (52.0%)
[11:24:17] Optimal solution: Select all 75 (trivial, no choice needed)
[11:24:17] 
Base alpha (current formula): 3.98e+09
[11:24:17] This is WAY TOO LARGE!
[11:24:17] 
================================================================================
[11:24:17] TESTING DIFFERENT ALPHA VALUES
[11:24:17] ================================================================================
[11:24:17] Using: num_runs=5, num_iterations=500 (proven to work)
[11:24:17] 
[11:24:17] Divisor    Alpha           Time     Selected   Profit (ETH)    Gas %      Status
[11:24:17] -----------------------------------------------------------------------------------------------
[11:24:17] 1          3.98e+09        13.0     43         0.015255        27.1       ❌ Only 43/75
[11:24:30] 100        3.98e+07        9.8      31         0.005129        23.8       ❌ Only 31/75
[11:24:40] 10000      3.98e+05        8.7      33         0.013051        20.2       ❌ Only 33/75
[11:24:49] 1000000    3.98e+03        9.8      39         0.013320        26.7       ❌ Only 39/75
[11:24:59] 
================================================================================
[11:24:59] RESULTS SUMMARY
[11:24:59] ================================================================================
[11:24:59] Target: Select all 75 profitable transactions (0.019476 ETH, 52% gas)
[11:24:59] 
[11:24:59] BEST RESULT:
[11:24:59]   Alpha divisor: 1
[11:24:59]   Alpha value: 3.98e+09
[11:24:59]   Selected: 43/75 transactions
[11:24:59]   Profit: 0.015255 ETH
[11:24:59] 
⚠️  Still suboptimal - selected only 43/75
[11:24:59]    Need to investigate further:
[11:24:59]    - Try more alpha values between working divisors
[11:24:59]    - Test without normalization
[11:24:59]    - Tune XY parameters
[11:24:59]    - Implement threshold sweep
[11:24:59] 
================================================================================
[11:24:59] TEST COMPLETE
[11:24:59] ================================================================================
