[11:53:24] ================================================================================
[11:53:24] HIERARCHICAL MULTI-TIER LPU OPTIMIZER
[11:53:24] ================================================================================
[11:53:24] 
Loading: ../rbuilder/knapsack_instance_21200000.json
[11:53:24] Total transactions: 2005
[11:53:24] Profitable: 75
[11:53:24] 
================================================================================
[11:53:24] CREATING TIERS BY ORDERS OF MAGNITUDE
[11:53:24] ================================================================================
[11:53:24] Profit range: 10^10 to 10^16 wei
[11:53:24] Creating tiers by orders of magnitude...
[11:53:24] 
Created 6 tiers:
[11:53:24]   Tier 1: 10^15 - 10^16 wei
[11:53:24]     Count: 3
[11:53:24]     Profit: 0.009466 ETH (48.6%)
[11:53:24]     Gas: 3,312,000 (11.0%)
[11:53:24]   Tier 2: 10^14 - 10^15 wei
[11:53:24]     Count: 26
[11:53:24]     Profit: 0.008857 ETH (45.5%)
[11:53:24]     Gas: 5,113,747 (17.0%)
[11:53:24]   Tier 3: 10^13 - 10^14 wei
[11:53:24]     Count: 24
[11:53:24]     Profit: 0.001108 ETH (5.7%)
[11:53:24]     Gas: 1,367,275 (4.6%)
[11:53:24]   Tier 4: 10^12 - 10^13 wei
[11:53:24]     Count: 13
[11:53:24]     Profit: 0.000042 ETH (0.2%)
[11:53:24]     Gas: 4,568,992 (15.2%)
[11:53:24]   Tier 5: 10^11 - 10^12 wei
[11:53:24]     Count: 7
[11:53:24]     Profit: 0.000003 ETH (0.0%)
[11:53:24]     Gas: 1,130,596 (3.8%)
[11:53:24]   Tier 6: 10^10 - 10^11 wei
[11:53:24]     Count: 2
[11:53:24]     Profit: 0.000000 ETH (0.0%)
[11:53:24]     Gas: 110,085 (0.4%)
[11:53:24] 
================================================================================
[11:53:24] RUNNING HIERARCHICAL OPTIMIZATION
[11:53:24] ================================================================================
[11:53:24] 
================================================================================
[11:53:24] TIER 1: 10^15 - 10^16 wei
[11:53:24] ================================================================================
[11:53:24]   Transactions: 3
[11:53:24]   Total profit: 0.009466 ETH
[11:53:24]   Total gas: 3,312,000
[11:53:24]   Available capacity: 30,000,000
[11:53:24]   Variance: Profit 7.4×, Gas 7.5×
[11:53:24]   Running LPU optimization...
[11:53:30]   ✓ Completed in 6.7s
[11:53:30]   Selected: 1/3 transactions
[11:53:30]   Profit: 0.007440 ETH
[11:53:30]   Gas used: 2,400,000
[11:53:30]   Remaining capacity: 27,600,000
[11:53:30] 
================================================================================
[11:53:30] TIER 2: 10^14 - 10^15 wei
[11:53:30] ================================================================================
[11:53:30]   Transactions: 26
[11:53:30]   Total profit: 0.008857 ETH
[11:53:30]   Total gas: 5,113,747
[11:53:30]   Available capacity: 27,600,000
[11:53:30]   Variance: Profit 8.5×, Gas 21.6×
[11:53:30]   Running LPU optimization...
[11:53:36]   ✓ Completed in 5.4s
[11:53:36]   Selected: 11/26 transactions
[11:53:36]   Profit: 0.003760 ETH
[11:53:36]   Gas used: 2,818,300
[11:53:36]   Remaining capacity: 24,781,700
[11:53:36] 
================================================================================
[11:53:36] TIER 3: 10^13 - 10^14 wei
[11:53:36] ================================================================================
[11:53:36]   Transactions: 24
[11:53:36]   Total profit: 0.001108 ETH
[11:53:36]   Total gas: 1,367,275
[11:53:36]   Available capacity: 24,781,700
[11:53:36]   Variance: Profit 8.7×, Gas 21.0×
[11:53:36]   Running LPU optimization...
[11:53:42]   ✓ Completed in 6.2s
[11:53:42]   Selected: 15/24 transactions
[11:53:42]   Profit: 0.000665 ETH
[11:53:42]   Gas used: 697,591
[11:53:42]   Remaining capacity: 24,084,109
[11:53:42] 
================================================================================
[11:53:42] TIER 4: 10^12 - 10^13 wei
[11:53:42] ================================================================================
[11:53:42]   Transactions: 13
[11:53:42]   Total profit: 0.000042 ETH
[11:53:42]   Total gas: 4,568,992
[11:53:42]   Available capacity: 24,084,109
[11:53:42]   Variance: Profit 5.2×, Gas 222.4×
[11:53:42]   Running LPU optimization...
[11:53:49]   ✓ Completed in 6.6s
[11:53:49]   Selected: 10/13 transactions
[11:53:49]   Profit: 0.000032 ETH
[11:53:49]   Gas used: 771,623
[11:53:49]   Remaining capacity: 23,312,486
[11:53:49] 
================================================================================
[11:53:49] TIER 5: 10^11 - 10^12 wei
[11:53:49] ================================================================================
[11:53:49]   Transactions: 7
[11:53:49]   Total profit: 0.000003 ETH
[11:53:49]   Total gas: 1,130,596
[11:53:49]   Available capacity: 23,312,486
[11:53:49]   Variance: Profit 5.0×, Gas 17.7×
[11:53:49]   Running LPU optimization...
[11:53:55]   ✓ Completed in 6.2s
[11:53:55]   Selected: 5/7 transactions
[11:53:55]   Profit: 0.000002 ETH
[11:53:55]   Gas used: 558,611
[11:53:55]   Remaining capacity: 22,753,875
[11:53:55] 
================================================================================
[11:53:55] TIER 6: 10^10 - 10^11 wei
[11:53:55] ================================================================================
[11:53:55]   Transactions: 2
[11:53:55]   Total profit: 0.000000 ETH
[11:53:55]   Total gas: 110,085
[11:53:55]   Available capacity: 22,753,875
[11:53:55]   Variance: Profit 1.9×, Gas 1.9×
[11:53:55]   Running LPU optimization...
[11:54:00]   ✓ Completed in 4.8s
[11:54:00]   Selected: 1/2 transactions
[11:54:00]   Profit: 0.000000 ETH
[11:54:00]   Gas used: 38,085
[11:54:00]   Remaining capacity: 22,715,790
[11:54:00] 
================================================================================
[11:54:00] FINAL RESULTS
[11:54:00] ================================================================================
[11:54:00] 
Hierarchical LPU:
[11:54:00]   Selected: 43/75 transactions
[11:54:00]   Profit: 0.011899 ETH
[11:54:00]   Gas: 7,284,210 (24.3%)
[11:54:00]   Time: 35.8s
[11:54:00] 
Optimal (select all 75):
[11:54:00]   Profit: 0.019476 ETH
[11:54:00]   Gas: 15,602,695 (52.0%)
[11:54:00] 
Efficiency: 61.1%
[11:54:00] 
⚠️  Selected 43/75 (57.3%)
[11:54:00]    Profit efficiency: 61.1%
[11:54:00]    Missing: 32 transactions, 0.007577 ETH
[11:54:00] 
================================================================================
[11:54:00] OPTIMIZATION COMPLETE
[11:54:00] ================================================================================
[11:54:00] 
Results saved to: hierarchical_lpu_results.json
